<?xml version="1.0" encoding="UTF-8"?>
<testng-results skipped="0" failed="0" total="1" passed="1">
  <reporter-output>
  </reporter-output>
  <suite name="Suite" duration-ms="44839" started-at="2016-05-10T10:43:06Z" finished-at="2016-05-10T10:43:50Z">
    <groups>
    </groups>
    <test name="Test" duration-ms="44839" started-at="2016-05-10T10:43:06Z" finished-at="2016-05-10T10:43:50Z">
      <class name="com.citrix.lbcs.testcase.executor.TestCaseExecutor">
        <test-method status="PASS" signature="initialize()[pri:0, instance:com.citrix.lbcs.testcase.executor.TestCaseExecutor@61832929]" name="initialize" is-config="true" duration-ms="704" started-at="2016-05-10T16:13:06Z" finished-at="2016-05-10T16:13:06Z">
          <reporter-output>
          </reporter-output>
        </test-method> <!-- initialize -->
        <test-method status="PASS" signature="testCaseExecutor()[pri:0, instance:com.citrix.lbcs.testcase.executor.TestCaseExecutor@61832929]" name="testCaseExecutor" duration-ms="44120" started-at="2016-05-10T16:13:06Z" finished-at="2016-05-10T16:13:50Z">
          <reporter-output>
          </reporter-output>
        </test-method> <!-- testCaseExecutor -->
      </class> <!-- com.citrix.lbcs.testcase.executor.TestCaseExecutor -->
    </test> <!-- Test -->
  </suite> <!-- Suite -->
</testng-results>
