<?xml version="1.0" encoding="UTF-8"?>
<testng-results skipped="0" failed="0" total="1" passed="1">
  <reporter-output>
  </reporter-output>
  <suite name="Suite" duration-ms="28632" started-at="2016-05-09T13:05:58Z" finished-at="2016-05-09T13:06:27Z">
    <groups>
    </groups>
    <test name="Test" duration-ms="28632" started-at="2016-05-09T13:05:58Z" finished-at="2016-05-09T13:06:27Z">
      <class name="com.citrix.lbcs.testcase.executor.TestCaseExecutor">
        <test-method status="PASS" signature="initialize()[pri:0, instance:com.citrix.lbcs.testcase.executor.TestCaseExecutor@61832929]" name="initialize" is-config="true" duration-ms="667" started-at="2016-05-09T18:35:58Z" finished-at="2016-05-09T18:35:59Z">
          <reporter-output>
          </reporter-output>
        </test-method> <!-- initialize -->
        <test-method status="PASS" signature="testCaseExecutor()[pri:0, instance:com.citrix.lbcs.testcase.executor.TestCaseExecutor@61832929]" name="testCaseExecutor" duration-ms="27951" started-at="2016-05-09T18:35:59Z" finished-at="2016-05-09T18:36:27Z">
          <reporter-output>
          </reporter-output>
        </test-method> <!-- testCaseExecutor -->
      </class> <!-- com.citrix.lbcs.testcase.executor.TestCaseExecutor -->
    </test> <!-- Test -->
  </suite> <!-- Suite -->
</testng-results>
