<?xml version="1.0" encoding="UTF-8"?>
<testng-results skipped="0" failed="0" total="1" passed="1">
  <reporter-output>
  </reporter-output>
  <suite name="Suite" duration-ms="30487" started-at="2016-05-09T13:16:53Z" finished-at="2016-05-09T13:17:24Z">
    <groups>
    </groups>
    <test name="Test" duration-ms="30487" started-at="2016-05-09T13:16:53Z" finished-at="2016-05-09T13:17:24Z">
      <class name="com.citrix.lbcs.testcase.executor.TestCaseExecutor">
        <test-method status="PASS" signature="initialize()[pri:0, instance:com.citrix.lbcs.testcase.executor.TestCaseExecutor@4f970963]" name="initialize" is-config="true" duration-ms="807" started-at="2016-05-09T18:46:53Z" finished-at="2016-05-09T18:46:54Z">
          <reporter-output>
          </reporter-output>
        </test-method> <!-- initialize -->
        <test-method status="PASS" signature="testCaseExecutor()[pri:0, instance:com.citrix.lbcs.testcase.executor.TestCaseExecutor@4f970963]" name="testCaseExecutor" duration-ms="29650" started-at="2016-05-09T18:46:54Z" finished-at="2016-05-09T18:47:24Z">
          <reporter-output>
          </reporter-output>
        </test-method> <!-- testCaseExecutor -->
      </class> <!-- com.citrix.lbcs.testcase.executor.TestCaseExecutor -->
    </test> <!-- Test -->
  </suite> <!-- Suite -->
</testng-results>
